MD5 differential path textcollision solver
Copyright (C) 2024 Marc Stevens
http://homepages.cwi.nl/~stevens/

delta_m[5] = [!10!]
Q-3:	|........ ........ ........ ........|
Q-2:	|........ ........ ........ ........|
Q-1:	|........ ........ ........ ........|
Q0:	|........ ........ ........ ........| ok p=1
Q1:	|........ ........ ........ ........| ok p=1
Q2:	|........ ........ ........ ........| ok p=1
Q3:	|........ ........ ........ ........| ok p=1
Q4:	|........ .0...... ........ ........| ok p=1
Q5:	|........ ^0...... ........ ........| ok p=1
Q6:	|........ +-...... ........ ........| ok p=1
Q7:	|........ 0+...... ........ ........| ok p=1
Q8:	|........ 1+...... ........ ..1.0...| ok p=1
Q9:	|........ 0+...... ........ ..0^0...| ok p=1
Q10:	|.....1.. +-...... ........ ..+--...| ok p=1
Q11:	|.....0.. 01...... ........ ..11+.0.| ok p=1
Q12:	|!....+.1 100..00. ........ .01+-^0.| ok p=1
Q13:	|....1+.0 101^^11. ....0.0. .0110++.| ok p=1
Q14:	|....1+.+ -------. .0..1^0. .+0+-1+.| ok p=1
Q15:	|....+-.1 0+1010-! .0..+-+. .-+++++.| ok p=0.972656
Q16:	|0....0.1 -+00011. .+..0-.. .0110.1.| ok p=0.925781
Q17:	|0...^-.. 01....1. .1..-+^. .0001^0.| ok p=0.550781
Q18:	|-....1.. +0..0... .+...-.. ........| ok p=0.46582
Q19:	|0....0.. ........ .-..^-.. .......0| ok p=0.276367
Q20:	|+..0...0 ^...+... .1...0.. .......1| ok p=0.451172
Q21:	|...1...1 ....+... .0...1.. .......-| ok p=0.891602
Q22:	|^..+...+ ....-... ........ ........| ok p=0.94043
Q23:	|........ ....-... ........ ..0....^| ok p=0.493164
Q24:	|...^...^ ....1... ........ ..1...0.| ok p=1
Q25:	|........ ....0... ........ ..-...1.| ok p=0.919922
Q26:	|........ ........ ........ ......+.| ok p=1
Q27:	|........ ........ .....0.. ..^.....| ok p=1
Q28:	|........ ........ .....1.. ......^.| ok p=1
Q29:	|........ ........ .....-.. ........| ok p=1
Q30:	|........ ........ ........ ........| ok p=1
Q31:	|........ ........ .....^.. ........| ok p=1
Q32:	|........ ........ ........ ........| ok p=1
Q33:	|........ ........ ........ ........| ok p=1
Q34:	|........ ........ ........ ........| ok p=1
Q35:	|........ ........ ........ ........| ok p=1
Q36:	|........ ........ ........ ........| ok p=1
Q37:	|........ ........ ........ ........| ok p=1
Q38:	|........ ........ ........ ........| ok p=1
Q39:	|........ ........ ........ ........| ok p=1
Q40:	|........ ........ ........ ........| ok p=1
Q41:	|........ ........ ........ ........| ok p=1
Q42:	|........ ........ ........ ........| ok p=1
Q43:	|........ ........ ........ ........| ok p=1
Q44:	|........ ........ ........ ........| ok p=1
Q45:	|........ ........ ........ ........| ok p=1
Q46:	|........ ........ ........ ........| ok p=1
Q47:	|........ ........ ........ ........| ok p=1
Q48:	|........ ........ ........ ........| ok p=1
Q49:	|........ ........ ........ ........| ok p=1
Q50:	|0....... ........ ........ ........| ok p=1
Q51:	|1....... ........ ........ ........| ok p=0.499023
Q52:	|+....... ........ ........ ........| bad p=0
Q53:	|+....... ........ ........ ........| bad p=0
Q54:	|-....... ........ ........ ........| ok p=1
Q55:	|+....... ........ ........ ........| ok p=1
Q56:	|-....... ........ ........ ........| ok p=1
Q57:	|+....... ........ ........ ........| ok p=1
Q58:	|-....... ........ ........ ........| ok p=1
Q59:	|+....... ........ ........ ........| ok p=1
Q60:	|-....... ........ ........ ........| ok p=1
Q61:	|+....... ........ ........ ........| ok p=1
Q62:	|-....... ........ ........ ........| ok p=1
Q63:	|+....... ........ ........ ........| ok p=1
Q64:	|+....... ........ ........ ........|
IHV1   = 0123456789abcdeffedcba9876543210

======
Generate Q13-Q17,m1:
0%   10   20   30   40   50   60   70   80   90   100%
|----|----|----|----|----|----|----|----|----|----|
***************************************************
Generate Q13-Q17,m1: attempts: 2^32.4251 success rate: 2^-11.4251

======
Step 15: (Q12,m15):
0%   10   20   30   40   50   60   70   80   90   100%
|----|----|----|----|----|----|----|----|----|----|
***************************************************
Step 15: attempts: 2^27.8732, success rate: 2^-6.8732

======
Step 14: (Q11,m14):
0%   10   20   30   40   50   60   70   80   90   100%
|----|----|----|----|----|----|----|----|----|----|
***************************************************
Step 14: attempts: 2^27.4911, success rate: 2^-6.49106

======
Step 13: (Q10,m13):
0%   10   20   30   40   50   60   70   80   90   100%
|----|----|----|----|----|----|----|----|----|----|
***************************************************
Step 13: attempts: 2^29.9781, success rate: 2^-8.97808

======
Step 12: (Q9,m12):
0%   10   20   30   40   50   60   70   80   90   100%
|----|----|----|----|----|----|----|----|----|----|
***************************************************
Step 12: attempts: 2^25.1395, success rate: 2^-4.1395

======
Step 17: (Q18,m6):
0%   10   20   30   40   50   60   70   80   90   100%
|----|----|----|----|----|----|----|----|----|----|
***************************************************
Step 17: attempts: 2^28.7176, success rate: 2^-7.71759

======
Step: (m11,Q8,Q19):
0%   10   20   30   40   50   60   70   80   90   100%
|----|----|----|----|----|----|----|----|----|----|
***************************************************
Step m11: attempts: 2^33.7545, success rate: 2^-12.7545

======
Step 19: (Q20,m0):
0%   10   20   30   40   50   60   70   80   90   100%
|----|----|----|----|----|----|----|----|----|----|
***************************************************
Step 19: attempts: 2^29.8285, success rate: 2^-8.8285

======
Step 20: (Q21,m5):
0%   10   20   30   40   50   60   70   80   90   100%
|----|----|----|----|----|----|----|----|----|----|
***************************************************
Step 20: attempts: 2^27.9903, success rate: 2^-6.99034
out.size() after m5+m_diff filtering: 1101730

======
Step: (m10,Q7,Q22,Q23):
0%   10   20   30   40   50   60   70   80   90   100%
|----|----|----|----|----|----|----|----|----|----|
***************************************************
Step m10: attempts: 2^30.3054, success rate: 2^-9.30544

======
Step 23: (Q24,m4):
0%   10   20   30   40   50   60   70   80   90   100%
|----|----|----|----|----|----|----|----|----|----|
***************************************************
Step 23: attempts: 2^27.739, success rate: 2^-6.73903
Saving 'Q7Q24.bin.gz'...m0[0]=msg[0]: T
m0[0]=msg[0]:  T:1

m0[1]=msg[1]: E
m0[1]=msg[1]:  E:1

m0[2]=msg[2]: X
m0[2]=msg[2]:  X:1

m0[3]=msg[3]: T
m0[3]=msg[3]:  T:1

m1[0]=msg[4]: C
m1[0]=msg[4]:  C:1

m1[1]=msg[5]: O
m1[1]=msg[5]:  O:1

m1[2]=msg[6]: L
m1[2]=msg[6]:  L:1

m1[3]=msg[7]: L
m1[3]=msg[7]:  L:1

m4[0]=msg[16]: OoPM-0.Ly6xZsXz48:m9*E#dW=VaNwcCu,5+D|Gv^YrnRA3K;tSpgJ1kB7ibUTeQ&2_~lFjIq@fH?h
m4[0]=msg[16]:  O:0.01309 o:0.01308 P:0.01304 M:0.01303 -:0.01302 0:0.01301 .:0.013 L:0.01299 y:0.01299 6:0.01299 x:0.01296 Z:0.01295 s:0.01293 X:0.01292 z:0.01292 4:0.01291 8:0.01291 ::0.01291 m:0.0129 9:0.01288 *:0.01287 E:0.01287 #:0.01287 d:0.01287 W:0.01287 =:0.01286 V:0.01286 a:0.01286 N:0.01285 w:0.01285 c:0.01285 C:0.01284 u:0.01284 ,:0.01284 5:0.01284 +:0.01283 D:0.01283 |:0.01283 G:0.01282 v:0.01282 ^:0.01281 Y:0.0128 r:0.0128 n:0.0128 R:0.0128 A:0.0128 3:0.01279 K:0.01278 ;:0.01278 t:0.01278 S:0.01278 p:0.01277 g:0.01277 J:0.01277 1:0.01276 k:0.01275 B:0.01274 7:0.01274 i:0.01274 b:0.01273 U:0.01273 T:0.01272 e:0.01272 Q:0.01271 &:0.01271 2:0.0127 _:0.0127 ~:0.01269 l:0.01269 F:0.01269 j:0.01267 I:0.01266 q:0.01265 @:0.01263 f:0.01263 H:0.01263 ?:0.01261 h:0.01257

m4[1]=msg[17]: 4~D,|.jr@x6v*Bnztf&hNRp:d8XVFHb0ZJ^Tl2LP3u?9aiO+emsAgMIc-51;qyK7#owUkGY=ESCWQ_
m4[1]=msg[17]:  4:0.01318 ~:0.01315 D:0.01314 ,:0.01313 |:0.01312 .:0.01311 j:0.01309 r:0.01309 @:0.01308 x:0.01308 6:0.01307 v:0.01306 *:0.01305 B:0.01303 n:0.01302 z:0.01301 t:0.01301 f:0.01301 &:0.01301 h:0.01301 N:0.013 R:0.013 p:0.01299 ::0.01298 d:0.01296 8:0.01296 X:0.01295 V:0.01295 F:0.01294 H:0.01293 b:0.01293 0:0.01291 Z:0.01291 J:0.0129 ^:0.0129 T:0.01289 l:0.01289 2:0.01288 L:0.01286 P:0.01277 3:0.01277 u:0.01276 ?:0.01275 9:0.01273 a:0.01272 i:0.01272 O:0.01272 +:0.01272 e:0.01272 m:0.0127 s:0.0127 A:0.0127 g:0.0127 M:0.0127 I:0.01268 c:0.01266 -:0.01266 5:0.01266 1:0.01265 ;:0.01265 q:0.01264 y:0.01263 K:0.01263 7:0.01263 #:0.01262 o:0.01259 w:0.01259 U:0.01256 k:0.01256 G:0.01255 Y:0.01255 =:0.01255 E:0.01253 S:0.01252 C:0.01252 W:0.01251 Q:0.01242 _:0.0124

m4[2]=msg[18]: ;WGSK3?owck#O+_7sCg,H|48XlLthTN0JF*Dp&^jx@PnBR:r~dvZV6z.fb2Yi1y9UqQ-eEa5u=MImA
m4[2]=msg[18]:  ;:0.01388 W:0.01387 G:0.01383 S:0.01382 K:0.01379 3:0.01374 ?:0.01374 o:0.01374 w:0.01372 c:0.01371 k:0.01371 #:0.0137 O:0.01369 +:0.01369 _:0.01369 7:0.01368 s:0.01366 C:0.01365 g:0.01361 ,:0.01302 H:0.01299 |:0.01297 4:0.01295 8:0.01293 X:0.01293 l:0.01292 L:0.01292 t:0.0129 h:0.01289 T:0.01288 N:0.01287 0:0.01287 J:0.01287 F:0.01285 *:0.01285 D:0.01285 p:0.01285 &:0.01284 ^:0.01284 j:0.01282 x:0.01281 @:0.01281 P:0.01279 n:0.01277 B:0.01276 R:0.01276 ::0.01275 r:0.01275 ~:0.01274 d:0.01274 v:0.01273 Z:0.01272 V:0.01272 6:0.01272 z:0.0127 .:0.01268 f:0.01265 b:0.01261 2:0.01258 Y:0.01209 i:0.01201 1:0.012 y:0.01199 9:0.01198 U:0.01198 q:0.01194 Q:0.01194 -:0.01194 e:0.01193 E:0.0119 a:0.01188 5:0.01188 u:0.01188 =:0.01186 M:0.01185 I:0.01183 m:0.01181 A:0.01178

m4[3]=msg[19]: #&*+,-.0123456789:;=?@A~BCD|EzyFGHxqvrowsilupkgmnhIetfjcdabJ_^KXTUWYSLQZVMPORN
m4[3]=msg[19]:  #:0.0211 &:0.02002 *:0.01872 +:0.0186 ,:0.01807 -:0.01792 .:0.01762 0:0.01692 1:0.01663 2:0.01642 3:0.01615 4:0.01606 5:0.01576 6:0.01547 7:0.01506 8:0.01496 9:0.01465 ::0.01438 ;:0.0142 =:0.01385 ?:0.01342 @:0.01318 A:0.01302 ~:0.01284 B:0.01277 C:0.01257 D:0.01243 |:0.01233 E:0.01225 z:0.01211 y:0.01198 F:0.01197 G:0.0119 H:0.01175 x:0.01171 q:0.01168 v:0.01162 r:0.01162 o:0.01162 w:0.01162 s:0.0116 i:0.01158 l:0.01158 u:0.01157 p:0.01157 k:0.01155 g:0.01148 m:0.01144 n:0.01144 h:0.01143 I:0.0114 e:0.01139 t:0.01131 f:0.01129 j:0.01127 c:0.01124 d:0.01124 a:0.01122 b:0.01119 J:0.01116 _:0.01112 ^:0.01109 K:0.01106 X:0.01096 T:0.01094 U:0.01093 W:0.0109 Y:0.01087 S:0.01085 L:0.01083 Q:0.01083 Z:0.01081 V:0.01078 M:0.01072 P:0.01063 O:0.01062 R:0.0106 N:0.01057

m5[0]=msg[20]: Hh
m5[0]=msg[20]:  H:0.6678 h:0.3322

m5[1]=msg[21]: Aa
m5[1]=msg[21]:  A:0.7543 a:0.2457

m5[2]=msg[22]: cC
m5[2]=msg[22]:  c:0.5204 C:0.4796

m5[3]=msg[23]: kK
m5[3]=msg[23]:  k:0.5252 K:0.4748

m6[0]=msg[24]: NvObo6.R#knjaiJ^2VZmSf_F-Y7e+PW*M
m6[0]=msg[24]:  N:0.2398 v:0.1717 O:0.1454 b:0.06949 o:0.06513 6:0.06403 .:0.03917 R:0.0334 #:0.02513 k:0.02136 n:0.01899 j:0.01807 a:0.01135 i:0.01082 J:0.0107 ^:0.008125 2:0.006754 V:0.006554 Z:0.006145 m:0.006136 S:0.005935 f:0.003239 _:0.002935 F:0.00277 -:0.002023 Y:0.001705 7:0.001229 e:0.0007229 +:0.0006027 P:0.0004439 W:0.0001254 *:5.245e-06 M:3.815e-06

m6[1]=msg[25]: nY^sxTgutbSWzVPXUGaQ:_,DmkiMeIhL
m6[1]=msg[25]:  n:0.2051 Y:0.167 ^:0.1635 s:0.07555 x:0.06697 T:0.06617 g:0.03917 u:0.03385 t:0.03149 b:0.02513 S:0.02136 W:0.01899 z:0.01668 V:0.01136 P:0.01081 X:0.007969 U:0.00691 G:0.006554 a:0.006136 Q:0.004595 ::0.003239 _:0.003011 ,:0.00277 D:0.001229 m:0.001204 k:0.001143 i:0.001122 M:0.0005832 e:0.0002518 I:0.0001254 h:4.244e-05 L:3.815e-06

m6[2]=msg[26]: QTuqit_pZdYRSfUaje^yP
m6[2]=msg[26]:  Q:0.2364 T:0.1663 u:0.152 q:0.1151 i:0.06513 t:0.03473 _:0.03385 p:0.0334 Z:0.03099 d:0.0309 Y:0.0305 R:0.02282 S:0.01811 f:0.008845 U:0.00691 a:0.006136 j:0.00488 e:0.002895 ^:0.0001593 y:1.001e-05 P:5.245e-06

m6[3]=msg[27]: *gGT+0rJqP.5Q?1B47:scx~-ko82RyAMXj&
m6[3]=msg[27]:  *:0.1717 g:0.165 G:0.1454 T:0.07483 +:0.07457 0:0.06513 r:0.04187 J:0.03633 q:0.03385 P:0.03149 .:0.02513 5:0.02136 Q:0.01899 ?:0.01807 1:0.01286 B:0.01135 4:0.01081 7:0.00691 ::0.006754 s:0.00658 c:0.004436 x:0.003239 ~:0.003022 -:0.002448 k:0.002023 o:0.001229 8:0.00122 2:0.001204 R:0.001143 y:0.0005832 A:0.0003114 M:0.0001254 X:4.244e-05 j:1.001e-05 &:3.815e-06

m10[0]=msg[40]: LMNROQKWPSJYTXUVZachb^difeg_GHDEFI@AB=?C#&;*j:9k80ml51+,637no4q.-p2~xr|yswzvtu
m10[0]=msg[40]:  L:0.0162 M:0.0162 N:0.01616 R:0.01609 O:0.01607 Q:0.01603 K:0.01594 W:0.01593 P:0.01591 S:0.0157 J:0.01558 Y:0.01549 T:0.01541 X:0.01538 U:0.01537 V:0.01518 Z:0.0146 a:0.0143 c:0.01414 h:0.01389 b:0.01387 ^:0.01387 d:0.01383 i:0.01381 f:0.01359 e:0.01356 g:0.01347 _:0.01346 G:0.01344 H:0.0133 D:0.01328 E:0.01321 F:0.01317 I:0.01307 @:0.01305 A:0.01298 B:0.01293 =:0.01279 ?:0.01274 C:0.01269 #:0.01249 &:0.01203 ;:0.01202 *:0.01182 j:0.01176 ::0.01169 9:0.01164 k:0.01159 8:0.01158 0:0.01153 m:0.01151 l:0.01148 5:0.01148 1:0.01137 +:0.01136 ,:0.01132 6:0.01131 3:0.0113 7:0.01129 n:0.01119 o:0.01118 4:0.01115 q:0.01107 .:0.01099 -:0.01092 p:0.01092 2:0.01078 ~:0.01077 x:0.01077 r:0.01076 |:0.01058 y:0.01055 s:0.01049 w:0.01039 z:0.01038 v:0.01029 t:0.01029 u:0.01026

m10[1]=msg[41]: 2J:*,BRZ=L4-5M#DEbUT+cjQ91SuaIKYAz|rkmytldseqC;i3&F6N~v.W_OGwoVg^7?nf@X8xPp0Hh
m10[1]=msg[41]:  2:0.03342 J:0.03217 ::0.03198 *:0.03146 ,:0.03095 B:0.03015 R:0.02987 Z:0.0298 =:0.02576 L:0.02575 4:0.02574 -:0.02569 5:0.0252 M:0.02478 #:0.02453 D:0.02311 E:0.02269 b:0.02184 U:0.02169 T:0.02117 +:0.01728 c:0.0165 j:0.01614 Q:0.01504 9:0.01462 1:0.01462 S:0.0145 u:0.01449 a:0.01436 I:0.01418 K:0.01418 Y:0.01408 A:0.01347 z:0.01319 |:0.0125 r:0.01234 k:0.01188 m:0.01176 y:0.01095 t:0.01091 l:0.01091 d:0.01056 s:0.01036 e:0.01006 q:0.009949 C:0.008737 ;:0.008527 i:0.008329 3:0.008199 &:0.00767 F:0.006351 6:0.006163 N:0.00597 ~:0.005869 v:0.00575 .:0.005306 W:0.004848 _:0.004682 O:0.00466 G:0.004571 w:0.003854 o:0.00374 V:0.003714 g:0.003394 ^:0.003366 7:0.003241 ?:0.0031 n:0.002911 f:0.002734 @:0.001185 X:0.001033 8:0.0009437 x:0.0009003 P:0.000855 p:0.0008273 0:0.0007701 H:0.0006309 h:0.0006156

m10[2]=msg[42]: 4|~zy7568;92Z=@^3?AmB:_lj0kN1.OnCo-&hXxYPiL,GQ+FE#aHwMIDKJpRSTq*vUgfWVbsrcdeut
m10[2]=msg[42]:  4:0.0282 |:0.02812 ~:0.02811 z:0.02634 y:0.02598 7:0.02566 5:0.02524 6:0.02458 8:0.02409 ;:0.02392 9:0.02347 2:0.02329 Z:0.0221 =:0.02102 @:0.02039 ^:0.02008 3:0.01994 ?:0.01987 A:0.01964 m:0.01899 B:0.01891 ::0.01847 _:0.01812 l:0.01803 j:0.01669 0:0.01524 k:0.01509 N:0.01462 1:0.01445 .:0.01442 O:0.01442 n:0.01416 C:0.01404 o:0.01381 -:0.01335 &:0.01278 h:0.0126 X:0.01258 x:0.01251 Y:0.01236 P:0.01229 i:0.01182 L:0.01072 ,:0.01035 G:0.01011 Q:0.009979 +:0.009834 F:0.009797 E:0.009789 #:0.009224 a:0.008543 H:0.008224 w:0.008044 M:0.007985 I:0.00755 D:0.00707 K:0.007007 J:0.006976 p:0.006843 R:0.006704 S:0.006582 T:0.006319 q:0.005985 *:0.005589 v:0.005157 U:0.004063 g:0.003497 f:0.003437 W:0.002916 V:0.002053 b:0.00198 s:0.001936 r:0.001867 c:0.001301 d:0.001124 e:0.0008445 u:0.0007148 t:9.489e-05

m10[3]=msg[43]: M-m.Nn0POop=L,l;1^2T~KR+r4|qkQtJj3S*u59syUYIH@hi?_zZV:vWaw7gxAX8GBbdDf#F6EeCc&
m10[3]=msg[43]:  M:0.01828 -:0.01796 m:0.01793 .:0.01692 N:0.01683 n:0.01653 0:0.01618 P:0.01586 O:0.01582 o:0.01578 p:0.01571 =:0.01551 L:0.01517 ,:0.01514 l:0.01504 ;:0.01488 1:0.01433 ^:0.01432 2:0.0143 T:0.0143 ~:0.01429 K:0.01426 R:0.01417 +:0.01416 r:0.01402 4:0.01397 |:0.01385 q:0.01377 k:0.01366 Q:0.01362 t:0.01353 J:0.01342 j:0.01314 3:0.01308 S:0.01298 *:0.01287 u:0.01278 5:0.01267 9:0.01261 s:0.01255 y:0.01242 U:0.0124 Y:0.01234 I:0.01228 H:0.01222 @:0.01221 h:0.01205 i:0.01196 ?:0.01175 _:0.01163 z:0.01131 Z:0.01131 V:0.0113 ::0.01126 v:0.01119 W:0.01097 a:0.01096 w:0.01091 7:0.01072 g:0.01071 x:0.01067 A:0.01063 X:0.01054 8:0.01047 G:0.01041 B:0.01028 b:0.01018 d:0.0101 D:0.01006 f:0.01002 #:0.009947 F:0.009934 6:0.009892 E:0.009889 e:0.00982 C:0.009789 c:0.009632 &:0.009599

m11[0]=msg[44]: 67^*O,zIPk.CajmKxHdUsrWZM01&54AuF=cBv
m11[0]=msg[44]:  6:0.1749 7:0.165 ^:0.1454 *:0.07483 O:0.06513 ,:0.06403 z:0.03917 I:0.03385 P:0.0334 k:0.03149 .:0.02571 C:0.0225 a:0.02101 j:0.01899 m:0.01135 K:0.01081 x:0.01057 H:0.01054 d:0.00691 U:0.006879 s:0.006554 r:0.006149 W:0.003999 Z:0.002699 M:0.002023 0:0.001215 1:0.001204 &:0.001122 5:0.0007229 4:0.0006027 A:0.0004439 u:0.0003114 F:0.0002518 =:0.0001593 c:4.244e-05 B:1.001e-05 v:5.245e-06

m11[1]=msg[45]: Twb^&Sg0-Z_pz5E9QYsKqrekH+c8Vtv.4*
m11[1]=msg[45]:  T:0.1717 w:0.165 b:0.1454 ^:0.1354 &:0.06513 S:0.06403 g:0.03385 0:0.03352 -:0.03149 Z:0.02513 _:0.01929 p:0.01899 z:0.01306 5:0.01135 E:0.01081 9:0.01054 Q:0.006754 Y:0.006554 s:0.00614 K:0.004436 q:0.003239 r:0.003187 e:0.00277 k:0.002699 H:0.002023 +:0.001364 c:0.001229 8:0.001143 V:0.001122 t:0.0007229 v:0.0006127 .:0.0005832 4:0.0004492 *:0.0003114

m11[2]=msg[46]: jrxlun5.fvg97ym3TLVtbeOU0,Ka-YiCX
m11[2]=msg[46]:  j:0.1976 r:0.1717 x:0.146 l:0.07483 u:0.06513 n:0.06403 5:0.04515 .:0.03917 f:0.03385 v:0.02513 g:0.02136 9:0.01899 7:0.01807 y:0.01135 m:0.01081 3:0.008402 T:0.007221 L:0.006554 V:0.006145 t:0.006136 b:0.004436 e:0.003239 O:0.003187 U:0.00277 0:0.002699 ,:0.002023 K:0.001247 a:0.001229 -:0.0007281 Y:0.0005832 i:0.0001593 C:4.244e-05 X:1.001e-05

m11[3]=msg[47]: WgU#=H01jw2p.&u_MlGD6L@TV7aJv4zIid
m11[3]=msg[47]:  W:0.1717 g:0.165 U:0.1454 #:0.1292 =:0.07776 H:0.03921 0:0.03398 1:0.03385 j:0.03149 w:0.02837 2:0.02136 p:0.0193 .:0.01807 &:0.01257 u:0.01081 _:0.01054 M:0.00691 l:0.006754 G:0.006554 D:0.006271 6:0.006136 L:0.00444 @:0.00277 T:0.002699 V:0.002028 7:0.001395 a:0.001229 J:0.001204 v:0.001122 4:0.0007229 z:0.0006027 I:0.0004439 i:0.0001593 d:1.001e-05

m12[0]=msg[48]: yL*iN62Kva#u;579?4HBs_.RnW=FwdDoSbq3k
m12[0]=msg[48]:  y:0.1717 L:0.1653 *:0.1454 i:0.07603 N:0.07302 6:0.06513 2:0.06403 K:0.0334 v:0.03149 a:0.02635 #:0.02136 u:0.01899 ;:0.01807 5:0.01186 7:0.01135 9:0.01057 ?:0.01054 4:0.007006 H:0.00691 B:0.006554 s:0.006145 _:0.003239 .:0.002935 R:0.00277 n:0.002699 W:0.002023 =:0.001229 F:0.001143 w:0.001122 d:0.0007229 D:0.0005832 o:0.0001593 S:0.0001254 b:4.244e-05 q:1.001e-05 3:5.245e-06 k:3.815e-06

m12[1]=msg[49]: OHz4v^e|?K+,wIRAN#ZsfU0qBm_hLyXS=T*.
m12[1]=msg[49]:  O:0.1778 H:0.1662 z:0.1454 4:0.07483 v:0.06513 ^:0.06403 e:0.03917 |:0.03385 ?:0.03365 K:0.03149 +:0.02513 ,:0.02406 w:0.01899 I:0.01807 R:0.01695 A:0.01135 N:0.01054 #:0.007337 Z:0.007206 s:0.00691 f:0.006554 U:0.003239 0:0.002935 q:0.002358 B:0.002023 m:0.001204 _:0.001122 h:0.0007229 L:0.0006027 y:0.0004439 X:0.0003114 S:0.0001593 =:0.0001254 T:4.244e-05 *:1.001e-05 .:5.245e-06

m12[2]=msg[50]: ~zL&WwB|PeM4qfKgQTVJ.Eu6nXc:odhl,bpt=k0a
m12[2]=msg[50]:  ~:0.1847 z:0.165 L:0.1454 &:0.07483 W:0.06513 w:0.06403 B:0.03917 |:0.03385 P:0.0334 e:0.03149 M:0.02513 4:0.02136 q:0.02131 f:0.02101 K:0.01135 g:0.01081 Q:0.01054 T:0.006754 V:0.006554 J:0.006145 .:0.004436 E:0.002935 u:0.00277 6:0.002699 n:0.001229 X:0.001215 c:0.001204 ::0.001143 o:0.001122 d:0.0009141 h:0.0007229 l:0.0005832 ,:0.0004439 b:0.0002518 p:0.0001593 t:0.0001254 =:4.244e-05 k:1.001e-05 0:5.245e-06 a:3.815e-06

m12[3]=msg[51]: ?XfjRzSVmo6Cq,-YEM=3^lpxksLn:#2+.HZK
m12[3]=msg[51]:  ?:0.1717 X:0.165 f:0.1454 j:0.09026 R:0.0776 z:0.06403 S:0.04466 V:0.03917 m:0.0334 o:0.03161 6:0.02612 C:0.02136 q:0.01807 ,:0.01135 -:0.01054 Y:0.008463 E:0.00691 M:0.006554 =:0.006145 3:0.006136 ^:0.003239 l:0.002935 p:0.002023 x:0.001229 k:0.001215 s:0.001204 L:0.001143 n:0.0007229 ::0.0006027 #:0.0004439 2:0.0003114 +:0.0002518 .:0.0001593 H:4.244e-05 Z:1.001e-05 K:5.245e-06

m13[0]=msg[52]: y17@vtx~6w?uEs;0GmC2Az|r94o8Ll
m13[0]=msg[52]:  y:0.1782 1:0.165 7:0.1454 @:0.07954 v:0.07596 t:0.07527 x:0.05521 ~:0.03917 6:0.03783 w:0.03165 ?:0.02513 u:0.01899 E:0.01807 s:0.01054 ;:0.008836 0:0.00691 G:0.006754 m:0.006145 C:0.003239 2:0.00277 A:0.002023 z:0.001286 |:0.001239 r:0.001215 9:0.001204 4:0.001143 o:0.0006027 8:0.0005832 L:4.244e-05 l:3.815e-06

m13[1]=msg[53]: I1OU0Qg+:v_9so&~PndEK5cfrJMZh-N6Y
m13[1]=msg[53]:  I:0.1742 1:0.1717 O:0.1516 U:0.1292 0:0.07483 Q:0.03917 g:0.03385 +:0.03351 ::0.0334 v:0.03188 _:0.02136 9:0.02001 s:0.01868 o:0.01135 &:0.01081 ~:0.01054 P:0.007365 n:0.00691 d:0.004436 E:0.003239 K:0.002935 5:0.002775 c:0.001302 f:0.001215 r:0.001204 J:0.001122 M:0.0007229 Z:0.0003114 h:0.0002518 -:0.0001254 N:4.244e-05 6:1.001e-05 Y:3.815e-06

m13[2]=msg[54]: *.&+40#3;-569,
m13[2]=msg[54]:  *:0.3297 .:0.1711 &:0.1209 +:0.0903 4:0.07623 0:0.06656 #:0.0481 3:0.03917 ;:0.01924 -:0.01859 5:0.009855 6:0.006136 9:0.002699 ,:0.001433

m13[3]=msg[55]: yA-:n*HIPhXR@cJ&8FQw0ZrOkC#7p^Ys
m13[3]=msg[55]:  y:0.351 A:0.1652 -:0.14 ::0.06524 n:0.05147 *:0.03917 H:0.0384 I:0.0298 P:0.02513 h:0.02136 X:0.01765 R:0.01054 @:0.007374 c:0.006754 J:0.006554 &:0.004436 8:0.003914 F:0.003913 Q:0.003239 w:0.002935 0:0.002023 Z:0.001122 r:0.0007229 O:0.0006027 k:0.0005832 C:0.0004439 #:0.0003114 7:0.0001254 p:4.244e-05 ^:1.001e-05 Y:5.245e-06 s:3.815e-06

m14[0]=msg[56]: 6v13r7s42wut58
m14[0]=msg[56]:  6:0.2442 v:0.2191 1:0.165 3:0.1001 r:0.08205 7:0.07272 s:0.05768 4:0.0334 2:0.01923 w:0.00415 u:0.001229 t:0.0005832 5:0.0004439 8:0.0001593

m14[1]=msg[57]: ^d+Psk.iXD-NO*3vn&?tgWHlZeSubz,c
m14[1]=msg[57]:  ^:0.2102 d:0.1717 +:0.1668 P:0.07483 s:0.06513 k:0.06403 .:0.03917 i:0.03814 X:0.03706 D:0.03149 -:0.02513 N:0.01351 O:0.01054 *:0.007006 3:0.00691 v:0.006554 n:0.006145 &:0.006136 ?:0.004078 t:0.003239 g:0.00277 W:0.002467 H:0.001229 l:0.001215 Z:0.001215 e:0.001122 S:0.0007424 u:0.0007229 b:0.0006027 z:0.0001254 ,:5.245e-06 c:3.815e-06

m14[2]=msg[58]: 6R4ijC1DMI7;~q-T.:G5pWO=2#omt
m14[2]=msg[58]:  6:0.1745 R:0.1717 4:0.1499 i:0.0929 j:0.06634 C:0.06403 1:0.04454 D:0.03917 M:0.03385 I:0.03149 7:0.02518 ;:0.02513 ~:0.02194 q:0.01811 -:0.01283 T:0.007365 .:0.00691 ::0.003239 G:0.002895 5:0.002699 p:0.001204 W:0.001143 O:0.001122 =:0.0007229 2:0.0004439 #:0.0003114 o:0.0002518 m:0.0001593 t:3.815e-06

m14[3]=msg[59]: |WCx8lZt92+=@:Hrf#SbA;43hjzMJnydaE
m14[3]=msg[59]:  |:0.1744 W:0.165 C:0.1459 x:0.07483 8:0.07168 l:0.06403 Z:0.04421 t:0.03917 9:0.03499 2:0.03385 +:0.02688 =:0.02513 @:0.02136 ::0.01807 H:0.01135 r:0.01054 f:0.00691 #:0.006145 S:0.006136 b:0.004436 A:0.002935 ;:0.00277 4:0.002625 3:0.001229 h:0.001215 j:0.001204 z:0.001122 M:0.0008945 J:0.0007229 n:0.0001593 y:0.0001254 d:4.244e-05 a:5.245e-06 E:3.815e-06

m15[0]=msg[60]: xr~kw.3*2lzRsK8+X0JSj4poW?
m15[0]=msg[60]:  x:0.2357 r:0.1676 ~:0.1454 k:0.08562 w:0.07921 .:0.06761 3:0.05673 *:0.05147 2:0.03385 l:0.01899 z:0.01135 R:0.00691 s:0.006559 K:0.006145 8:0.006136 +:0.005019 X:0.003409 0:0.003239 J:0.00277 S:0.002699 j:0.001204 4:0.001122 p:0.0007229 o:0.0004439 W:4.244e-05 ?:1.001e-05

m15[1]=msg[61]: -UC1~2#b;alMGwK?xnTNYiBIOegWtf,
m15[1]=msg[61]:  -:0.2547 U:0.2462 C:0.165 1:0.07495 ~:0.04 2:0.03917 #:0.0334 b:0.03149 ;:0.02136 a:0.01807 l:0.01135 M:0.01081 G:0.009534 w:0.007759 K:0.00691 ?:0.006754 x:0.004436 n:0.00415 T:0.00277 N:0.002699 Y:0.002265 i:0.002023 B:0.001229 I:0.0007267 O:0.0006027 e:0.0005832 g:0.0004439 W:0.0003114 t:0.0002518 f:5.245e-05 ,:5.245e-06

m15[2]=msg[62]: Ba^P;?yWbit#fX@Tuc_8d&RYkI=eZJ
m15[2]=msg[62]:  B:0.2357 a:0.1662 ^:0.1454 P:0.13 ;:0.06513 ?:0.03917 y:0.0334 W:0.0318 b:0.02637 i:0.01899 t:0.01807 #:0.01498 f:0.01306 X:0.01217 @:0.01081 T:0.007157 u:0.006754 c:0.006136 _:0.004078 8:0.003239 d:0.00277 &:0.002699 R:0.002023 Y:0.001204 k:0.001122 I:0.0007229 =:0.0005832 e:0.0001593 Z:4.244e-05 J:5.245e-06

m15[3]=msg[63]: *pPx9eA+4qmrOdDH|tuT:VZjw.h62fU
m15[3]=msg[63]:  *:0.2357 p:0.165 P:0.1454 x:0.1066 9:0.07126 e:0.03917 A:0.03385 +:0.0334 4:0.02513 q:0.02216 m:0.02192 r:0.02136 O:0.01807 d:0.01668 D:0.01179 H:0.007783 |:0.006754 t:0.003841 u:0.00277 T:0.002699 ::0.002334 V:0.001938 Z:0.001204 j:0.001143 w:0.001122 .:0.0005832 h:0.0001593 6:0.0001254 2:4.244e-05 f:1.001e-05 U:3.815e-06

Runtime: 287.4
