MD5 differential path toolbox
Copyright (C) 2009 Marc Stevens
http://homepages.cwi.nl/~stevens/

delta_m[2] = [!8!]
Q-3:	|-0100001 00000010 01100010 10111101|
Q-2:	|-0010101 00111100 10100110 01110110|
Q-1:	|-10101-+ +0100111 00011001 11011111|
Q0:	|-1000000 -0110100 11100101 10111010| ok p=1
Q1:	|-.....-+ +....... .......1 ........| ok p=1
Q2:	|-.....0- +....... .......1 ........| ok p=1
Q3:	|-.....1+ +....... .......- ........| ok p=1
Q4:	|-.....1+ +..0.... .......- ...0....| ok p=1
Q5:	|-.....+. -..1.... .......- ...1....| ok p=0.999023
Q6:	|-.....+0 -..-...0 .0..!^.- ...+....| ok p=1
Q7:	|+1....-. -..+...1 .0...+.. ...-....| ok p=1
Q8:	|001...+. -..+!..+ .-...0.1 ...-....| ok p=1
Q9:	|-00...+. .1.+...0 .+...1.. 01!-....| ok p=1
Q10:	|+..1^.+. 11.10111 .+1.11.. 00......| ok p=1
Q11:	|-110+0+^ 0-.0111+ 0+1^00^^ --.0..1.| ok p=1
Q12:	|+00+011+ ++^+---0 10++--++ ++^0^00.| ok p=1
Q13:	|---+-++0 1+---+-- ---00111 1-+++0+.| ok p=1
Q14:	|001.0111 1.00.0.1 10001111 00000+-.| ok p=1
Q15:	|01-10000 .0111101 101..... .1000++.| ok p=0.914062
Q16:	|..-....- .....-.. ........ .....10.| ok p=0.65625
Q17:	|-.0..... ......0. ...0.... .....0+.| ok p=0.994141
Q18:	|-.1....^ .....^1. ...1.... .0......| ok p=0.758789
Q19:	|+....... ......+. ...+.... .1....^.| ok p=0.875977
Q20:	|+....... ........ ........ .-......| ok p=1
Q21:	|+....0.. ......^. ...^.... ........| ok p=1
Q22:	|+....1.. ........ ........ .^......| ok p=0.480469
Q23:	|1....+.. ........ ........ ........| ok p=1
Q24:	|0....... ........ .......0 ........| ok p=1
Q25:	|.....^.. ........ .......1 ........| ok p=0.500977
Q26:	|........ ........ .......- ........| ok p=0.991211
Q27:	|........ ........ ........ ........| ok p=1
Q28:	|........ ........ .......^ ........| ok p=1
Q29:	|........ ........ ........ ........| ok p=1
Q30:	|........ ........ ........ ........| ok p=1
Q31:	|........ ........ ........ ........| ok p=1
Q32:	|........ ........ ........ ........| ok p=1
Q33:	|........ ........ ........ ........| ok p=1
Q34:	|........ ........ ........ ........| ok p=1
Q35:	|........ ........ ........ ........| ok p=1
Q36:	|........ ........ ........ ........| ok p=1
Q37:	|........ ........ ........ ........| ok p=1
Q38:	|........ ........ ........ ........| ok p=1
Q39:	|........ ........ ........ ........| ok p=1
Q40:	|........ ........ ........ ........| ok p=1
Q41:	|........ ........ ........ ........| ok p=1
Q42:	|........ ........ ........ ........| ok p=1
Q43:	|........ ........ ........ ........| ok p=1
Q44:	|........ ........ ........ ........| ok p=1
Q45:	|........ ........ ........ ........| ok p=1
Q46:	|1....... ........ ........ ........| ok p=1
Q47:	|0....... ........ ........ ........| ok p=0.503906
Q48:	|-....... ........ ........ ........| ok p=1
Q49:	|-....... ........ ........ ........| ok p=1
Q50:	|+....... ........ ........ ........| ok p=1
Q51:	|-....... ........ ........ ........| ok p=1
Q52:	|+....... ........ ........ ........| ok p=1
Q53:	|-....... ........ ........ ........| ok p=1
Q54:	|+....... ........ ........ ........| ok p=1
Q55:	|-....... ........ ........ ........| ok p=1
Q56:	|+....... ........ ........ ........| ok p=1
Q57:	|-....... ........ ........ ........| ok p=1
Q58:	|+....... ........ ........ ........| ok p=1
Q59:	|-....... ........ ........ ........| ok p=1
Q60:	|+....... ........ ........ ........| ok p=1
Q61:	|-....... 1....... ........ ........| ok p=1
Q62:	|+....... ........ ........ ........| ok p=1
Q63:	|-....... +....... ........ ........| ok p=1
Q64:	|+....... +....... ........ ........|
Starting...
20: Q5m5tunnel      = 3
20: Q4m5tunnel      = 1
20: Q14m6Q3m5tunnel = 2
21: Q10m10tunnel    = 4
21: Q9m10tunnel     = 7
22: Q8Q12m15tunnel  = 0
23: Q4m4tunnel      = 19
24: Q9m9tunnel      = 6
25: Q14Q3m14tunnel  = 3
20: Q5m5tunnel      = 3
20: Q4m5tunnel      = 1
20: Q14m6Q3m5tunnel = 2
21: Q10m10tunnel    = 4
21: Q9m10tunnel     = 7
22: Q8Q12m15tunnel  = 0
23: Q4m4tunnel      = 19
24: Q9m9tunnel      = 6
25: Q14Q3m14tunnel  = 3
20: Q5m5tunnel      = 3
20: Q4m5tunnel      = 1
20: Q14m6Q3m5tunnel = 2
21: Q10m10tunnel    = 4
21: Q9m10tunnel     = 7
22: Q8Q12m15tunnel  = 0
23: Q4m4tunnel      = 19
24: Q9m9tunnel      = 6
25: Q14Q3m14tunnel  = 3
20: Q5m5tunnel      = 3
20: Q4m5tunnel      = 1
20: Q14m6Q3m5tunnel = 2
21: Q10m10tunnel    = 4
21: Q9m10tunnel     = 7
22: Q8Q12m15tunnel  = 0
23: Q4m4tunnel      = 19
24: Q9m9tunnel      = 6
25: Q14Q3m14tunnel  = 3
20: Q5m5tunnel      = 3
20: Q4m5tunnel      = 1
20: Q14m6Q3m5tunnel = 2
21: Q10m10tunnel    = 4
21: Q9m10tunnel     = 7
22: Q8Q12m15tunnel  = 0
23: Q4m4tunnel      = 19
24: Q9m9tunnel      = 6
25: Q14Q3m14tunnel  = 3
20: Q5m5tunnel      = 3
20: Q4m5tunnel      = 1
20: Q14m6Q3m5tunnel = 2
21: Q10m10tunnel    = 4
21: Q9m10tunnel     = 7
22: Q8Q12m15tunnel  = 0
23: Q4m4tunnel      = 19
24: Q9m9tunnel      = 6
25: Q14Q3m14tunnel  = 3
20: Q5m5tunnel      = 3
20: Q4m5tunnel      = 1
20: Q14m6Q3m5tunnel = 2
21: Q10m10tunnel    = 4
21: Q9m10tunnel     = 7
22: Q8Q12m15tunnel  = 0
23: Q4m4tunnel      = 19
24: Q9m9tunnel      = 6
25: Q14Q3m14tunnel  = 3
20: Q5m5tunnel      = 3
20: Q4m5tunnel      = 1
20: Q14m6Q3m5tunnel = 2
21: Q10m10tunnel    = 4
21: Q9m10tunnel     = 7
22: Q8Q12m15tunnel  = 0
23: Q4m4tunnel      = 19
24: Q9m9tunnel      = 6
25: Q14Q3m14tunnel  = 3
....1 0
2 0
4 0
8 0
16 0
32 0
64 0
128 0
256 0
512 0
1024 0
1092 1
2048 1
4096 1
8192 1
13058 2
16384 2
32768 2
58980 4
65536 4
131072 7
143271 8
Block 1: ./data/coll1_2318988835
e9 d1 89 bc dd 59 97 da 1b 86 ef bc 67 28 99 58 
01 7b 61 5c d8 81 14 d7 29 11 84 88 a7 a6 31 e9 
e1 5c 3d 3a 1f 8d 79 04 69 bf 75 ac bd d1 5c d4 
ec 97 67 10 20 2c 46 ff 13 9e 47 62 07 96 c6 73 
Block 2: ./data/coll2_2318988835
e9 d1 89 bc dd 59 97 da 1b 87 ef bc 67 28 99 58 
01 7b 61 5c d8 81 14 d7 29 11 84 88 a7 a6 31 e9 
e1 5c 3d 3a 1f 8d 79 04 69 bf 75 ac bd d1 5c d4 
ec 97 67 10 20 2c 46 ff 13 9e 47 62 07 96 c6 73 
Found collision!
