MD5 differential path toolbox
Copyright (C) 2009 Marc Stevens
http://homepages.cwi.nl/~stevens/

delta_m[2] = [!8!]
Q-3:	|01100111 01000101 00100011 00000001|
Q-2:	|00010000 00110010 01010100 01110110|
Q-1:	|10011000 10111010 11011100 11111110|
Q0:	|11101111 11001101 10101011 10001001| ok p=1
Q1:	|11011100 11010110 00011011 10101111| ok p=1
Q2:	|01000010 00100110 10111111 01100100| ok p=1
Q3:	|...1..+. .......1 1....... ........| ok p=1
Q4:	|.....1+. .......0 +....... ..0.....| ok p=1
Q5:	|....^0+. .......+ -....... ..0.....| ok p=1
Q6:	|.!..-+-. .......0 +...!... .1+.....| ok p=1
Q7:	|....1--. .......+ -..1.... .1+.....| ok p=1
Q8:	|.!..1+-. ..!....- 1..1.... .+......| ok p=1
Q9:	|.....1+. 00....^- 0..+.1.. .+1.....| ok p=1
Q10:	|...111+. 00...0+- .11+100. .1..00.^| ok p=1
Q11:	|0..101+1 ++1..11+ ^0000+0^ ^1^^11^-| ok p=1
Q12:	|1^^++--0 ++0^^+-0 +----1-- -------0| ok p=1
Q13:	|0+++0++- -----001 01+10-+0 10100011| ok p=1
Q14:	|+11.0110 010001-. 000011-1 100000-.| ok p=1
Q15:	|+0+1.00- 00111.1. ..1..11. ......1.| ok p=0.314453
Q16:	|1.+....- ......-. ......0. ......1.| ok p=0.472656
Q17:	|-.0....1 ......+. ...0.... ......+.| ok p=0.994141
Q18:	|-.1....0 ......-. ...1.... .0......| ok p=0.742188
Q19:	|+....... ......-. ...+.... .1....^.| ok p=0.894531
Q20:	|+....... ......1. ........ .-......| ok p=1
Q21:	|+....0.. ......0. ...^.... ........| ok p=1
Q22:	|+....1.. ........ ........ .^......| ok p=0.503906
Q23:	|1....+.. ........ ........ ........| ok p=1
Q24:	|0....... ........ .......0 ........| ok p=1
Q25:	|.....^.. ........ .......1 ........| ok p=0.490234
Q26:	|........ ........ .......- ........| ok p=0.987305
Q27:	|........ ........ ........ ........| ok p=1
Q28:	|........ ........ .......^ ........| ok p=1
Q29:	|........ ........ ........ ........| ok p=1
Q30:	|........ ........ ........ ........| ok p=1
Q31:	|........ ........ ........ ........| ok p=1
Q32:	|........ ........ ........ ........| ok p=1
Q33:	|........ ........ ........ ........| ok p=1
Q34:	|........ ........ ........ ........| ok p=1
Q35:	|........ ........ ........ ........| ok p=1
Q36:	|........ ........ ........ ........| ok p=1
Q37:	|........ ........ ........ ........| ok p=1
Q38:	|........ ........ ........ ........| ok p=1
Q39:	|........ ........ ........ ........| ok p=1
Q40:	|........ ........ ........ ........| ok p=1
Q41:	|........ ........ ........ ........| ok p=1
Q42:	|........ ........ ........ ........| ok p=1
Q43:	|........ ........ ........ ........| ok p=1
Q44:	|........ ........ ........ ........| ok p=1
Q45:	|........ ........ ........ ........| ok p=1
Q46:	|1....... ........ ........ ........| ok p=1
Q47:	|0....... ........ ........ ........| ok p=0.50293
Q48:	|+....... ........ ........ ........| ok p=1
Q49:	|-....... ........ ........ ........| ok p=1
Q50:	|-....... ........ ........ ........| ok p=1
Q51:	|-....... ........ ........ ........| ok p=1
Q52:	|-....... ........ ........ ........| ok p=1
Q53:	|-....... ........ ........ ........| ok p=1
Q54:	|-....... ........ ........ ........| ok p=1
Q55:	|-....... ........ ........ ........| ok p=1
Q56:	|-....... ........ ........ ........| ok p=1
Q57:	|-....... ........ ........ ........| ok p=1
Q58:	|-....... ........ ........ ........| ok p=1
Q59:	|-....... ........ ........ ........| ok p=1
Q60:	|-....... ........ ........ ........| ok p=1
Q61:	|-....... 1....... ........ ........| ok p=1
Q62:	|-....... ........ ........ ........| ok p=0.996094
Q63:	|-....... +....... ........ ........| ok p=1
Q64:	|+....... +....... ........ ........|
Starting...
20: Q5m5tunnel      = 0
20: Q4m5tunnel      = 0
20: Q14m6Q3m5tunnel = 0
21: Q10m10tunnel    = 1
21: Q9m10tunnel     = 5
22: Q8Q12m15tunnel  = 0
23: Q4m4tunnel      = 25
24: Q9m9tunnel      = 9
25: Q14Q3m14tunnel  = 1
.1 0
2 0
4 0
8 0
16 0
32 0
64 0
128 0
256 0
512 0
1024 0
1512 1
2048 1
4096 1
8192 1
16384 1
32768 1
20: Q5m5tunnel      = 0
20: Q4m5tunnel      = 0
20: Q14m6Q3m5tunnel = 0
21: Q10m10tunnel    = 1
21: Q9m10tunnel     = 5
22: Q8Q12m15tunnel  = 0
23: Q4m4tunnel      = 25
24: Q9m9tunnel      = 9
25: Q14Q3m14tunnel  = 1
.65536 1
66245 2
20: Q5m5tunnel      = 0
20: Q4m5tunnel      = 0
20: Q14m6Q3m5tunnel = 0
21: Q10m10tunnel    = 1
21: Q9m10tunnel     = 5
22: Q8Q12m15tunnel  = 0
23: Q4m4tunnel      = 25
24: Q9m9tunnel      = 9
25: Q14Q3m14tunnel  = 1
.91707 4
20: Q5m5tunnel      = 0
20: Q4m5tunnel      = 0
20: Q14m6Q3m5tunnel = 0
21: Q10m10tunnel    = 1
21: Q9m10tunnel     = 5
22: Q8Q12m15tunnel  = 0
23: Q4m4tunnel      = 25
24: Q9m9tunnel      = 9
25: Q14Q3m14tunnel  = 1
.20: Q5m5tunnel      = 0
20: Q4m5tunnel      = 0
20: Q14m6Q3m5tunnel = 0
21: Q10m10tunnel    = 1
21: Q9m10tunnel     = 5
22: Q8Q12m15tunnel  = 0
23: Q4m4tunnel      = 25
24: Q9m9tunnel      = 9
25: Q14Q3m14tunnel  = 1
.131072 5
20: Q5m5tunnel      = 0
20: Q4m5tunnel      = 0
20: Q14m6Q3m5tunnel = 0
21: Q10m10tunnel    = 1
21: Q9m10tunnel     = 5
22: Q8Q12m15tunnel  = 0
23: Q4m4tunnel      = 25
24: Q9m9tunnel      = 9
25: Q14Q3m14tunnel  = 1
.20: Q5m5tunnel      = 0
20: Q4m5tunnel      = 0
20: Q14m6Q3m5tunnel = 0
21: Q10m10tunnel    = 1
21: Q9m10tunnel     = 5
22: Q8Q12m15tunnel  = 0
23: Q4m4tunnel      = 25
24: Q9m9tunnel      = 9
25: Q14Q3m14tunnel  = 1
.20: Q5m5tunnel      = 0
20: Q4m5tunnel      = 0
20: Q14m6Q3m5tunnel = 0
21: Q10m10tunnel    = 1
21: Q9m10tunnel     = 5
22: Q8Q12m15tunnel  = 0
23: Q4m4tunnel      = 25
24: Q9m9tunnel      = 9
25: Q14Q3m14tunnel  = 1
.255211 8
262144 8
524288 14
652766 16
1048576 29
1106507 32
2097152 58
2299035 64
Block 1: ./data/coll1_3666850325
69 6c 6f 76 65 79 6f 75 0b 5e 2d dc 8f b2 3c 4c 
b6 3d 57 d0 3f 6d f7 9a b4 ee 36 99 63 93 26 4e 
7b 2e 45 92 80 7b 0c a2 f5 d5 c4 ed 60 db 0b f2 
d7 5c 83 e5 58 13 47 60 ef 16 77 5b ef 7a 55 13 
Block 2: ./data/coll2_3666850325
69 6c 6f 76 65 79 6f 75 0b 5f 2d dc 8f b2 3c 4c 
b6 3d 57 d0 3f 6d f7 9a b4 ee 36 99 63 93 26 4e 
7b 2e 45 92 80 7b 0c a2 f5 d5 c4 ed 60 db 0b f2 
d7 5c 83 e5 58 13 47 60 ef 16 77 5b ef 7a 55 13 
Found collision!
Worker thread: caught exception:
pure virtual method called
terminate called after throwing an instance of 'boost::exception_detail::clone_impl<boost::exception_detail::error_info_injector<boost::lock_error> >'
  what():  boost: mutex lock failed in pthread_mutex_lock: 
