Connect MD5 differential paths
Copyright (C) 2009 Marc Stevens
http://homepages.cwi.nl/~stevens/

delta_m[2] = [!8!]
Loading upper_1_640000/paths16_0of1.bin.gz...Loading data/paths11_0of1.bin.gz...done: 160000. (1.61228s)
done: 640000. (14.9032s)
t=12: 0%   10   20   30   40   50   60   70   80   90   100%
      |----|----|----|----|----|----|----|----|----|----|
      *Q-3:	|01100111 01000101 00100011 00000001|
Q-2:	|00010000 00110010 01010100 01110110|
Q-1:	|10011000 10111010 11011100 11111110|
Q0:	|11101111 11001101 10101011 10001001| ok p=1
Q1:	|11011100 11010110 00011011 10101111| ok p=1
Q2:	|01000010 00100110 10111111 01100100| ok p=1
Q3:	|...1..+. .......1 1....... ........| ok p=1
Q4:	|.....1+. .......0 +....... ..0.....| ok p=1
Q5:	|....^0+. .......+ -....... ..0.....| ok p=1
Q6:	|.!..-+-. .......0 +....!.. .1+.....| ok p=1
Q7:	|....1--. .......+ -..1.... .1+.....| ok p=1
Q8:	|!...1+-. ...!...- 1..1.... .+......| ok p=1
Q9:	|.....1+. 00....^- 0..+.1.. .+1.....| ok p=0.999023
Q10:	|...111+. 00...0+- .11+100. .1.010.^| ok p=1
Q11:	|0..101+1 ++1..11+ ^0000+0^ ^1^101^-| ok p=1
Q12:	|1^^++--0 ++0^^+-0 +----1-- -------0| ok p=1
Q13:	|0+++0++- -----001 01+10-+0 10100011| ok p=1
Q14:	|+11.0110 010001-. 111011-1 100000-.| ok p=1
Q15:	|+0+1.00- 00111.1! ..1..11. ......1.| ok p=0.289062
Q16:	|1.+....- ......-. ......0. ......1.| ok p=0.426758
Q17:	|-.0....1 ......+. ...0.... ......+.| ok p=0.996094
Q18:	|-.1....0 ......-. ...1.... .0......| ok p=0.751953
Q19:	|+....... ......-. ...+.... .1....^.| ok p=0.882812
Q20:	|+....... ......1. ........ .-......| ok p=1
Q21:	|+....0.. ......0. ...^.... ........| ok p=1
Q22:	|+....1.. ........ ........ .^......| ok p=0.499023
Q23:	|1....+.. ........ ........ ........| ok p=1
Q24:	|0....... ........ .......0 ........| ok p=1
Q25:	|.....^.. ........ .......1 ........| ok p=0.498047
Q26:	|........ ........ .......- ........| ok p=0.985352
Q27:	|........ ........ ........ ........| ok p=1
Q28:	|........ ........ .......^ ........| ok p=1
Q29:	|........ ........ ........ ........| ok p=1
Q30:	|........ ........ ........ ........| ok p=1
Q31:	|........ ........ ........ ........| ok p=1
Q32:	|........ ........ ........ ........| ok p=1
Q33:	|........ ........ ........ ........| ok p=1
Q34:	|........ ........ ........ ........| ok p=1
Q35:	|........ ........ ........ ........| ok p=1
Q36:	|........ ........ ........ ........| ok p=1
Q37:	|........ ........ ........ ........| ok p=1
Q38:	|........ ........ ........ ........| ok p=1
Q39:	|........ ........ ........ ........| ok p=1
Q40:	|........ ........ ........ ........| ok p=1
Q41:	|........ ........ ........ ........| ok p=1
Q42:	|........ ........ ........ ........| ok p=1
Q43:	|........ ........ ........ ........| ok p=1
Q44:	|........ ........ ........ ........| ok p=1
Q45:	|........ ........ ........ ........| ok p=1
Q46:	|1....... ........ ........ ........| ok p=1
Q47:	|0....... ........ ........ ........| ok p=0.507812
Q48:	|+....... ........ ........ ........| ok p=1
Q49:	|-....... ........ ........ ........| ok p=1
Q50:	|-....... ........ ........ ........| ok p=1
Q51:	|-....... ........ ........ ........| ok p=1
Q52:	|-....... ........ ........ ........| ok p=1
Q53:	|-....... ........ ........ ........| ok p=1
Q54:	|-....... ........ ........ ........| ok p=1
Q55:	|-....... ........ ........ ........| ok p=1
Q56:	|-....... ........ ........ ........| ok p=1
Q57:	|-....... ........ ........ ........| ok p=1
Q58:	|-....... ........ ........ ........| ok p=1
Q59:	|-....... ........ ........ ........| ok p=1
Q60:	|-....... ........ ........ ........| ok p=1
Q61:	|-....... 1....... ........ ........| ok p=1
Q62:	|-....... ........ ........ ........| ok p=0.992188
Q63:	|-....... +....... ........ ........| ok p=1
Q64:	|+....... +....... ........ ........|
Best path: totcompl=-9 tottunnel=40, totcond=466, p=0.0109236
Q-3:	|01100111 01000101 00100011 00000001|
Q-2:	|00010000 00110010 01010100 01110110|
Q-1:	|10011000 10111010 11011100 11111110|
Q0:	|11101111 11001101 10101011 10001001| ok p=1
Q1:	|11011100 11010110 00011011 10101111| ok p=1
Q2:	|01000010 00100110 10111111 01100100| ok p=1
Q3:	|...1..+. .......1 1....... ........| ok p=1
Q4:	|.....1+. .......0 +....... ..0.....| ok p=1
Q5:	|....^0+. .......+ -....... ..0.....| ok p=1
Q6:	|.!..-+-. .......0 +...!... .1+.....| ok p=1
Q7:	|....1--. .......+ -..1.... .1+.....| ok p=1
Q8:	|.!..1+-. ..!....- 1..1.... .+......| ok p=1
Q9:	|.....1+. 00....^- 0..+.1.. .+1.....| ok p=1
Q10:	|...111+. 00...0+- .11+100. .1..00.^| ok p=1
Q11:	|0..101+1 ++1..11+ ^0000+0^ ^1^^11^-| ok p=1
Q12:	|1^^++--0 ++0^^+-0 +----1-- -------0| ok p=1
Q13:	|0+++0++- -----001 01+10-+0 10100011| ok p=1
Q14:	|+11.0110 010001-. 000011-1 100000-.| ok p=1
Q15:	|+0+1.00- 00111.1. ..1..11. ......1.| ok p=0.304688
Q16:	|1.+....- ......-. ......0. ......1.| ok p=0.441406
Q17:	|-.0....1 ......+. ...0.... ......+.| ok p=0.996094
Q18:	|-.1....0 ......-. ...1.... .0......| ok p=0.736328
Q19:	|+....... ......-. ...+.... .1....^.| ok p=0.881836
Q20:	|+....... ......1. ........ .-......| ok p=1
Q21:	|+....0.. ......0. ...^.... ........| ok p=1
Q22:	|+....1.. ........ ........ .^......| ok p=0.49707
Q23:	|1....+.. ........ ........ ........| ok p=1
Q24:	|0....... ........ .......0 ........| ok p=1
Q25:	|.....^.. ........ .......1 ........| ok p=0.46875
Q26:	|........ ........ .......- ........| ok p=0.988281
Q27:	|........ ........ ........ ........| ok p=1
Q28:	|........ ........ .......^ ........| ok p=1
Q29:	|........ ........ ........ ........| ok p=1
Q30:	|........ ........ ........ ........| ok p=1
Q31:	|........ ........ ........ ........| ok p=1
Q32:	|........ ........ ........ ........| ok p=1
Q33:	|........ ........ ........ ........| ok p=1
Q34:	|........ ........ ........ ........| ok p=1
Q35:	|........ ........ ........ ........| ok p=1
Q36:	|........ ........ ........ ........| ok p=1
Q37:	|........ ........ ........ ........| ok p=1
Q38:	|........ ........ ........ ........| ok p=1
Q39:	|........ ........ ........ ........| ok p=1
Q40:	|........ ........ ........ ........| ok p=1
Q41:	|........ ........ ........ ........| ok p=1
Q42:	|........ ........ ........ ........| ok p=1
Q43:	|........ ........ ........ ........| ok p=1
Q44:	|........ ........ ........ ........| ok p=1
Q45:	|........ ........ ........ ........| ok p=1
Q46:	|1....... ........ ........ ........| ok p=1
Q47:	|0....... ........ ........ ........| ok p=0.494141
Q48:	|+....... ........ ........ ........| ok p=1
Q49:	|-....... ........ ........ ........| ok p=1
Q50:	|-....... ........ ........ ........| ok p=1
Q51:	|-....... ........ ........ ........| ok p=1
Q52:	|-....... ........ ........ ........| ok p=1
Q53:	|-....... ........ ........ ........| ok p=1
Q54:	|-....... ........ ........ ........| ok p=1
Q55:	|-....... ........ ........ ........| ok p=1
Q56:	|-....... ........ ........ ........| ok p=1
Q57:	|-....... ........ ........ ........| ok p=1
Q58:	|-....... ........ ........ ........| ok p=1
Q59:	|-....... ........ ........ ........| ok p=1
Q60:	|-....... ........ ........ ........| ok p=1
Q61:	|-....... 1....... ........ ........| ok p=1
Q62:	|-....... ........ ........ ........| ok p=0.994141
Q63:	|-....... +....... ........ ........| ok p=1
Q64:	|+....... +....... ........ ........|
Best path: totcompl=-8 tottunnel=41, totcond=464, p=0.0120997
Best paths: 2
Best paths: 4
**