MD5 differential path toolbox
Copyright (C) 2009 Marc Stevens
http://homepages.cwi.nl/~stevens/

delta_m[2] = [!8!]
In-block prefix bytes: 11
In-block prefix words: 2
WARNING!: truncating by 3 bytes!

Starting paths:
Q-3:	|01100111 01000101 00100011 00000001|
Q-2:	|00010000 00110010 01010100 01110110|
Q-1:	|10011000 10111010 11011100 11111110|
Q0:	|11101111 11001101 10101011 10001001| ok p=1
Q1:	|11011100 11010110 00011011 10101111| ok p=1
Q2:	|01000010 00100110 10111111 01100100| ok p=0.986328
Q3:	|......+. ........ ........ ........|
Saving data/path_prefix.bin...done.
Extend MD5 differential paths forward
Copyright (C) 2009 Marc Stevens
http://homepages.cwi.nl/~stevens/

delta_m[2] = [!8!]
Loading data/path_prefix.bin...done: 1. (0.000134945s)
Estimating maxcond for upper bound 640000 (=160000 * 4)...
t=3:  0%   10   20   30   40   50   60   70   80   90   100%
      |----|----|----|----|----|----|----|----|----|----|
e     ***************************************************
Found maxcond = 2176
t=3:  0%   10   20   30   40   50   60   70   80   90   100%
      |----|----|----|----|----|----|----|----|----|----|
      ***************************************************
Q-3:	|01100111 01000101 00100011 00000001|
Q-2:	|00010000 00110010 01010100 01110110|
Q-1:	|10011000 10111010 11011100 11111110|
Q0:	|11101111 11001101 10101011 10001001| ok p=1
Q1:	|11011100 11010110 00011011 10101111| ok p=1
Q2:	|01000010 00100110 10111111 01100100| ok p=0.978516
Q3:	|......+. ........ ........ ........| ok p=0.995117
Q4:	|......+. ........ +....... ........|
Saving 8 paths...cached.
Autobalance parameters: maxcond=2176 (ab#:0)
Verified: 0 bad out of 8
Estimating maxcond for upper bound 640000 (=160000 * 4)...
t=4:  0%   10   20   30   40   50   60   70   80   90   100%
      |----|----|----|----|----|----|----|----|----|----|
e     ***************************************************
Found maxcond = 2176
t=4:  0%   10   20   30   40   50   60   70   80   90   100%
      |----|----|----|----|----|----|----|----|----|----|
      ***************************************************
Q-3:	|01100111 01000101 00100011 00000001|
Q-2:	|00010000 00110010 01010100 01110110|
Q-1:	|10011000 10111010 11011100 11111110|
Q0:	|11101111 11001101 10101011 10001001| ok p=1
Q1:	|11011100 11010110 00011011 10101111| ok p=1
Q2:	|01000010 00100110 10111111 01100100| ok p=0.984375
Q3:	|......+. ........ 1....... ........| ok p=0.990234
Q4:	|......+. ........ +....... ........| ok p=1
Q5:	|......+. ........ +....... ........|
Saving 60266 paths...cached.
Autobalance parameters: maxcond=2176 (ab#:0)
Verified: 2048 bad out of 62314
Estimating maxcond for upper bound 640000 (=160000 * 4)...
t=5:  0%   10   20   30   40   50   60   70   80   90   100%
      |----|----|----|----|----|----|----|----|----|----|
e     ***************************************************
Found maxcond = 219
t=5:  0%   10   20   30   40   50   60   70   80   90   100%
      |----|----|----|----|----|----|----|----|----|----|
      ***************************************************
Q-3:	|01100111 01000101 00100011 00000001|
Q-2:	|00010000 00110010 01010100 01110110|
Q-1:	|10011000 10111010 11011100 11111110|
Q0:	|11101111 11001101 10101011 10001001| ok p=1
Q1:	|11011100 11010110 00011011 10101111| ok p=1
Q2:	|01000010 00100110 10111111 01100100| ok p=0.989258
Q3:	|......+. ........ 1....... ........| ok p=0.992188
Q4:	|......+. ........ +....... ........| ok p=1
Q5:	|......+. ........ +....... ........| ok p=0.995117
Q6:	|......+. ........ +....... ..+.....|
Saving 160000 paths...cached.
Autobalance parameters: maxcond=215 (ab#:4)
Verified: 0 bad out of 368655
Estimating maxcond for upper bound 640000 (=160000 * 4)...
t=6:  0%   10   20   30   40   50   60   70   80   90   100%
      |----|----|----|----|----|----|----|----|----|----|
e     ***************************************************
Found maxcond = 219
t=6:  0%   10   20   30   40   50   60   70   80   90   100%
      |----|----|----|----|----|----|----|----|----|----|
      ***************************************************
Q-3:	|01100111 01000101 00100011 00000001|
Q-2:	|00010000 00110010 01010100 01110110|
Q-1:	|10011000 10111010 11011100 11111110|
Q0:	|11101111 11001101 10101011 10001001| ok p=1
Q1:	|11011100 11010110 00011011 10101111| ok p=1
Q2:	|01000010 00100110 10111111 01100100| ok p=0.981445
Q3:	|......+. ........ 1....... ........| ok p=0.993164
Q4:	|......+. ........ +....... ..V.....| ok p=1
Q5:	|......+. ........ +....... ........| ok p=0.991211
Q6:	|......+. ........ +....... ..+.....| ok p=0.954102
Q7:	|......+. ........ +...+... ..+....+|
Saving 160000 paths...cached.
Autobalance parameters: maxcond=217 (ab#:2)
Verified: 0 bad out of 251729
Estimating maxcond for upper bound 640000 (=160000 * 4)...
t=7:  0%   10   20   30   40   50   60   70   80   90   100%
      |----|----|----|----|----|----|----|----|----|----|
e     ***************************************************
Found maxcond = 223
t=7:  0%   10   20   30   40   50   60   70   80   90   100%
      |----|----|----|----|----|----|----|----|----|----|
      ***************************************************
Q-3:	|01100111 01000101 00100011 00000001|
Q-2:	|00010000 00110010 01010100 01110110|
Q-1:	|10011000 10111010 11011100 11111110|
Q0:	|11101111 11001101 10101011 10001001| ok p=1
Q1:	|11011100 11010110 00011011 10101111| ok p=1
Q2:	|01000010 00100110 10111111 01100100| ok p=0.984375
Q3:	|......+. ........ 1....... ........| ok p=0.989258
Q4:	|......+. ........ +....... ..V.....| ok p=1
Q5:	|......+. ........ +...V... ..1....V| ok p=0.988281
Q6:	|......+. ........ +....... ..+.....| ok p=0.958984
Q7:	|......+. ........ +...+... ..+....+| ok p=0.982422
Q8:	|......+. ......+. -...+... +.-....+|
Saving 160000 paths...cached.
Autobalance parameters: maxcond=221 (ab#:2)
Verified: 0 bad out of 262147
Estimating maxcond for upper bound 640000 (=160000 * 4)...
t=8:  0%   10   20   30   40   50   60   70   80   90   100%
      |----|----|----|----|----|----|----|----|----|----|
e     ***************************************************
Found maxcond = 228
t=8:  0%   10   20   30   40   50   60   70   80   90   100%
      |----|----|----|----|----|----|----|----|----|----|
      ***************************************************
Q-3:	|01100111 01000101 00100011 00000001|
Q-2:	|00010000 00110010 01010100 01110110|
Q-1:	|10011000 10111010 11011100 11111110|
Q0:	|11101111 11001101 10101011 10001001| ok p=1
Q1:	|11011100 11010110 00011011 10101111| ok p=1
Q2:	|01000010 00100110 10111111 01100100| ok p=0.986328
Q3:	|......+. .......0 1....... ........| ok p=0.988281
Q4:	|.....0+. .......+ -....... ..V.....| ok p=1
Q5:	|.....1+. .......0 +....... ..0.....| ok p=0.964844
Q6:	|.....--. .......+ -....... V.+.....| ok p=1
Q7:	|.....--. .......+ -....... ..+.....| ok p=0.958984
Q8:	|......+. .......+ ........ +.......| ok p=0.985352
Q9:	|......+. +......+ ...+.... +.....-.|
Saving 160000 paths...cached.
Autobalance parameters: maxcond=226 (ab#:2)
Verified: 0 bad out of 265480
Estimating maxcond for upper bound 640000 (=160000 * 4)...
t=9:  0%   10   20   30   40   50   60   70   80   90   100%
      |----|----|----|----|----|----|----|----|----|----|
e     ***************************************************
Found maxcond = 236
t=9:  0%   10   20   30   40   50   60   70   80   90   100%
      |----|----|----|----|----|----|----|----|----|----|
      ***************************************************
Q-3:	|01100111 01000101 00100011 00000001|
Q-2:	|00010000 00110010 01010100 01110110|
Q-1:	|10011000 10111010 11011100 11111110|
Q0:	|11101111 11001101 10101011 10001001| ok p=1
Q1:	|11011100 11010110 00011011 10101111| ok p=1
Q2:	|01000010 00100110 10111111 01100100| ok p=0.988281
Q3:	|......+. .......0 1....... ........| ok p=0.979492
Q4:	|.....0+. .......+ -....... ..V.....| ok p=1
Q5:	|.....1+. .......0 +....... .V1.....| ok p=0.956055
Q6:	|.....--. .......1 +....... .1+.....| ok p=1
Q7:	|.....--. .......0 +....... .+-...V.| ok p=0.959961
Q8:	|......+. .......+ ........ .++.....| ok p=0.945312
Q9:	|.....1+. .......+ 1....... .++...-.| ok p=0.884766
Q10:	|..+.-.+. ....+..- ........ ......-.|
Saving 160000 paths...cached.
Autobalance parameters: maxcond=235 (ab#:1)
Verified: 0 bad out of 212111
Estimating maxcond for upper bound 640000 (=160000 * 4)...
t=10: 0%   10   20   30   40   50   60   70   80   90   100%
      |----|----|----|----|----|----|----|----|----|----|
e     ***************************************************
Found maxcond = 245
t=10: 0%   10   20   30   40   50   60   70   80   90   100%
      |----|----|----|----|----|----|----|----|----|----|
      ***************************************************
Q-3:	|01100111 01000101 00100011 00000001|
Q-2:	|00010000 00110010 01010100 01110110|
Q-1:	|10011000 10111010 11011100 11111110|
Q0:	|11101111 11001101 10101011 10001001| ok p=1
Q1:	|11011100 11010110 00011011 10101111| ok p=1
Q2:	|01000010 00100110 10111111 01100100| ok p=0.979492
Q3:	|......+. .......0 1....... ........| ok p=0.985352
Q4:	|.....0+. .......+ -....... ..V.....| ok p=1
Q5:	|....V1+. .......0 +....... ..1.....| ok p=0.933594
Q6:	|.....--. .......+ -....... V.+.....| ok p=1
Q7:	|....-+-. .......1 +..V.... 1.+.....| ok p=0.982422
Q8:	|....0--. ......V1 0..1.... +.......| ok p=1
Q9:	|....1--. ........ 1..+.... +.1.....| ok p=0.935547
Q10:	|......+. ......+. ...+.... ........| ok p=0.94043
Q11:	|.....+.- .+....+. ....-... .......+|
Saving 160000 paths...cached.
Autobalance parameters: maxcond=244 (ab#:1)
Verified: 0 bad out of 273589
Estimating maxcond for upper bound 640000 (=160000 * 4)...
t=11: 0%   10   20   30   40   50   60   70   80   90   100%
      |----|----|----|----|----|----|----|----|----|----|
e     ***************************************************
Found maxcond = 255
t=11: 0%   10   20   30   40   50   60   70   80   90   100%
      |----|----|----|----|----|----|----|----|----|----|
      ***************************************************
Q-3:	|01100111 01000101 00100011 00000001|
Q-2:	|00010000 00110010 01010100 01110110|
Q-1:	|10011000 10111010 11011100 11111110|
Q0:	|11101111 11001101 10101011 10001001| ok p=1
Q1:	|11011100 11010110 00011011 10101111| ok p=1
Q2:	|01000010 00100110 10111111 01100100| ok p=0.982422
Q3:	|......+. .......1 1....... ........| ok p=1
Q4:	|....V1+. .......0 +....... ..V.....| ok p=1
Q5:	|.....0+. .......+ -....... ..0.....| ok p=0.960938
Q6:	|....-+-. .......0 +....... .V+.....| ok p=1
Q7:	|....1--. .......+ -..V.... .1+.....| ok p=0.897461
Q8:	|....1+-. .......- 1..1.... .+......| ok p=1
Q9:	|.....1+. VV.....- 0..+.V.. .+1....V| ok p=0.97168
Q10:	|.....1+. .......+ ...+.... ........| ok p=0.954102
Q11:	|......+. ++.....+ .....+.. .1.....-| ok p=0.925781
Q12:	|...+.+.- .-....+. .....+.. .-...+.-|
Saving 160000 paths...done. (0.705901s)
Autobalance parameters: maxcond=254 (ab#:1)
Verified: 0 bad out of 243846
Runtime: 5.08712
