MD5 differential path toolbox
Copyright (C) 2009 Marc Stevens
http://homepages.cwi.nl/~stevens/

delta_m[2] = [!8!]
In-block prefix bytes: 0
In-block prefix words: 0

Starting paths:
Q-3:	|-0100001 00000010 01100010 10111101|
Q-2:	|-0010101 00111100 10100110 01110110|
Q-1:	|-10101-+ +0100111 00011001 11011111|
Q0:	|-1000000 -0110100 11100101 10111010| ok p=1
Q1:	|+....... -....... ........ ........|
Saving data/path_2nc.bin...done.
Extend MD5 differential paths forward
Copyright (C) 2009 Marc Stevens
http://homepages.cwi.nl/~stevens/

delta_m[2] = [!8!]
Loading data/path_2nc.bin...done: 1. (0.000197887s)
Estimating maxcond for upper bound 160000 (=40000 * 4)...
t=1:  0%   10   20   30   40   50   60   70   80   90   100%
      |----|----|----|----|----|----|----|----|----|----|
e     ***************************************************
Found maxcond = 2176
t=1:  0%   10   20   30   40   50   60   70   80   90   100%
      |----|----|----|----|----|----|----|----|----|----|
      ***************************************************
Q-3:	|-0100001 00000010 01100010 10111101|
Q-2:	|-0010101 00111100 10100110 01110110|
Q-1:	|-10101-+ +0100111 00011001 11011111|
Q0:	|-1000000 -0110100 11100101 10111010| ok p=1
Q1:	|+.....11 -....... ........ ........| ok p=1
Q2:	|+....... -....... ........ ........|
Saving 16 paths...cached.
Autobalance parameters: maxcond=2176 (ab#:0)
Verified: 0 bad out of 16
Estimating maxcond for upper bound 320000 (=80000 * 4)...
t=2:  0%   10   20   30   40   50   60   70   80   90   100%
      |----|----|----|----|----|----|----|----|----|----|
e     ***************************************************
Found maxcond = 2176
t=2:  0%   10   20   30   40   50   60   70   80   90   100%
      |----|----|----|----|----|----|----|----|----|----|
      ***************************************************
Q-3:	|-0100001 00000010 01100010 10111101|
Q-2:	|-0010101 00111100 10100110 01110110|
Q-1:	|-10101-+ +0100111 00011001 11011111|
Q0:	|-1000000 -0110100 11100101 10111010| ok p=1
Q1:	|+.....11 -....... ........ ........| ok p=1
Q2:	|+....... -....... ........ ........| ok p=0.507812
Q3:	|+.....+. -......+ ......-. ........|
Saving 488 paths...cached.
Autobalance parameters: maxcond=2176 (ab#:0)
Verified: 0 bad out of 488
Estimating maxcond for upper bound 640000 (=160000 * 4)...
t=3:  0%   10   20   30   40   50   60   70   80   90   100%
      |----|----|----|----|----|----|----|----|----|----|
e     ***************************************************
Found maxcond = 153
t=3:  0%   10   20   30   40   50   60   70   80   90   100%
      |----|----|----|----|----|----|----|----|----|----|
      ***************************************************
Q-3:	|-0100001 00000010 01100010 10111101|
Q-2:	|-0010101 00111100 10100110 01110110|
Q-1:	|-10101-+ +0100111 00011001 11011111|
Q0:	|-1000000 -0110100 11100101 10111010| ok p=1
Q1:	|-.....11 -....... .....V.. ........| ok p=1
Q2:	|+......- +....... ........ ........| ok p=0.979492
Q3:	|+......+ +....... .....-.. ........| ok p=0.500977
Q4:	|+.....+. -.+..... -.+..-.. ........|
Saving 160000 paths...cached.
Autobalance parameters: maxcond=150 (ab#:3)
Verified: 0 bad out of 299551
Estimating maxcond for upper bound 640000 (=160000 * 4)...
t=4:  0%   10   20   30   40   50   60   70   80   90   100%
      |----|----|----|----|----|----|----|----|----|----|
e     ***************************************************
Found maxcond = 155
t=4:  0%   10   20   30   40   50   60   70   80   90   100%
      |----|----|----|----|----|----|----|----|----|----|
      ***************************************************
Q-3:	|-0100001 00000010 01100010 10111101|
Q-2:	|-0010101 00111100 10100110 01110110|
Q-1:	|-10101-+ +0100111 00011001 11011111|
Q0:	|-1000000 -0110100 11100101 10111010| ok p=1
Q1:	|-.....11 -....... ......0. ........| ok p=1
Q2:	|-......1 -....... .V....1. ........| ok p=0.972656
Q3:	|-......+ +....... ......-. ........| ok p=0.463867
Q4:	|.......+ +....... .-....-. ........| ok p=0.762695
Q5:	|.-....+. -....... .-....-. ........|
Saving 160000 paths...cached.
Autobalance parameters: maxcond=154 (ab#:1)
Verified: 748 bad out of 235202
Estimating maxcond for upper bound 640000 (=160000 * 4)...
t=5:  0%   10   20   30   40   50   60   70   80   90   100%
      |----|----|----|----|----|----|----|----|----|----|
e     ***************************************************
Found maxcond = 161
t=5:  0%   10   20   30   40   50   60   70   80   90   100%
      |----|----|----|----|----|----|----|----|----|----|
      ***************************************************
Q-3:	|-0100001 00000010 01100010 10111101|
Q-2:	|-0010101 00111100 10100110 01110110|
Q-1:	|-10101-+ +0100111 00011001 11011111|
Q0:	|-1000000 -0110100 11100101 10111010| ok p=1
Q1:	|-.....-+ +....... .......V ........| ok p=1
Q2:	|-.....0- +....... .......1 ........| ok p=0.99707
Q3:	|-.....1+ +....... .......- ........| ok p=1
Q4:	|+......+ +....... .......- ........| ok p=1
Q5:	|+......+ +....... .......- ........| ok p=0.506836
Q6:	|+.....+. -..-.... ....-..- ...+....|
Saving 160000 paths...cached.
Autobalance parameters: maxcond=159 (ab#:2)
Verified: 7763 bad out of 289130
Estimating maxcond for upper bound 640000 (=160000 * 4)...
t=6:  0%   10   20   30   40   50   60   70   80   90   100%
      |----|----|----|----|----|----|----|----|----|----|
e     ***************************************************
Found maxcond = 167
t=6:  0%   10   20   30   40   50   60   70   80   90   100%
      |----|----|----|----|----|----|----|----|----|----|
      ***************************************************
Q-3:	|-0100001 00000010 01100010 10111101|
Q-2:	|-0010101 00111100 10100110 01110110|
Q-1:	|-10101-+ +0100111 00011001 11011111|
Q0:	|-1000000 -0110100 11100101 10111010| ok p=1
Q1:	|-.....-+ +....... .......V ........| ok p=1
Q2:	|-.....0- +....... .......1 ........| ok p=1
Q3:	|-.....1+ +....... .......- ........| ok p=1
Q4:	|-......+ +..V.... .......- ...V....| ok p=1
Q5:	|-......+ +....... .......- ........| ok p=0.983398
Q6:	|+......+ +..-.... .......- ...+....| ok p=0.960938
Q7:	|+.....-. -..-.... .....+.+ ...+....|
Saving 160000 paths...cached.
Autobalance parameters: maxcond=166 (ab#:1)
Verified: 1340 bad out of 247423
Estimating maxcond for upper bound 640000 (=160000 * 4)...
t=7:  0%   10   20   30   40   50   60   70   80   90   100%
      |----|----|----|----|----|----|----|----|----|----|
e     ***************************************************
Found maxcond = 174
t=7:  0%   10   20   30   40   50   60   70   80   90   100%
      |----|----|----|----|----|----|----|----|----|----|
      ***************************************************
Q-3:	|-0100001 00000010 01100010 10111101|
Q-2:	|-0010101 00111100 10100110 01110110|
Q-1:	|-10101-+ +0100111 00011001 11011111|
Q0:	|-1000000 -0110100 11100101 10111010| ok p=1
Q1:	|-.....-+ +....... .......V ........| ok p=1
Q2:	|-.....0- +....... .......1 ........| ok p=0.996094
Q3:	|-.....1+ +....... .......- ........| ok p=1
Q4:	|-.....+0 -..V.... .......- ....0...| ok p=0.500977
Q5:	|......+0 -....... .....V.- ....1...| ok p=0.992188
Q6:	|0.....+. -..-.... .......- ....+...| ok p=0.979492
Q7:	|......-. -..0.... .....+.+ ....+...| ok p=0.271484
Q8:	|+.....-. -.-....+ .-...+.+ ....+...|
Saving 160000 paths...cached.
Autobalance parameters: maxcond=173 (ab#:1)
Verified: 159 bad out of 236781
Estimating maxcond for upper bound 640000 (=160000 * 4)...
t=8:  0%   10   20   30   40   50   60   70   80   90   100%
      |----|----|----|----|----|----|----|----|----|----|
e     ***************************************************
Found maxcond = 183
t=8:  0%   10   20   30   40   50   60   70   80   90   100%
      |----|----|----|----|----|----|----|----|----|----|
      ***************************************************
Q-3:	|-0100001 00000010 01100010 10111101|
Q-2:	|-0010101 00111100 10100110 01110110|
Q-1:	|-10101-+ +0100111 00011001 11011111|
Q0:	|-1000000 -0110100 11100101 10111010| ok p=1
Q1:	|-.....-+ +....... ......VV ........| ok p=1
Q2:	|-.....0- +....... .......0 ........| ok p=0.996094
Q3:	|-.....1+ +....... ......-+ ........| ok p=1
Q4:	|-.....1+ +....... ......0- ...V....| ok p=1
Q5:	|-.....0+ +....... ......1- ...0....| ok p=0.995117
Q6:	|-.....+- +....... V......- ...+....| ok p=0.961914
Q7:	|-.....-- +....... .......+ ...+....| ok p=0.533203
Q8:	|......+. -....... +......+ ...+....| ok p=0.506836
Q9:	|+.....+. -....... ....+..+ ...+....|
Saving 160000 paths...cached.
Autobalance parameters: maxcond=182 (ab#:1)
Verified: 167 bad out of 206446
Estimating maxcond for upper bound 640000 (=160000 * 4)...
t=9:  0%   10   20   30   40   50   60   70   80   90   100%
      |----|----|----|----|----|----|----|----|----|----|
e     ***************************************************
Found maxcond = 192
t=9:  0%   10   20   30   40   50   60   70   80   90   100%
      |----|----|----|----|----|----|----|----|----|----|
      ***************************************************
Q-3:	|-0100001 00000010 01100010 10111101|
Q-2:	|-0010101 00111100 10100110 01110110|
Q-1:	|-10101-+ +0100111 00011001 11011111|
Q0:	|-1000000 -0110100 11100101 10111010| ok p=1
Q1:	|-.....-+ +....... .......V ........| ok p=1
Q2:	|-.....0- +....... ......V0 ........| ok p=0.99707
Q3:	|-.....1+ +....... .......- ........| ok p=1
Q4:	|-.....1+ +....... ......-+ ...V....| ok p=1
Q5:	|-.....+. -....... ......0- ...1....| ok p=1
Q6:	|-.....+1 -....... VV....1- ...+....| ok p=0.969727
Q7:	|-....... -....... .1..V.+. ...+....| ok p=0.995117
Q8:	|-.....1. -....... ++....+1 ...+....| ok p=0.484375
Q9:	|........ -....... 0+..+.+. ...+....| ok p=0.986328
Q10:	|........ -..+..+. .+..+.+. ..+.....|
Saving 160000 paths...cached.
Autobalance parameters: maxcond=191 (ab#:1)
Verified: 1498 bad out of 269633
Estimating maxcond for upper bound 640000 (=160000 * 4)...
t=10: 0%   10   20   30   40   50   60   70   80   90   100%
      |----|----|----|----|----|----|----|----|----|----|
e     ***************************************************
Found maxcond = 200
t=10: 0%   10   20   30   40   50   60   70   80   90   100%
      |----|----|----|----|----|----|----|----|----|----|
      ***************************************************
Q-3:	|-0100001 00000010 01100010 10111101|
Q-2:	|-0010101 00111100 10100110 01110110|
Q-1:	|-10101-+ +0100111 00011001 11011111|
Q0:	|-1000000 -0110100 11100101 10111010| ok p=1
Q1:	|-.....-+ +....... .......V ........| ok p=1
Q2:	|-.....0- +....... ......V0 ........| ok p=0.994141
Q3:	|-.....1+ +....... .......- ........| ok p=1
Q4:	|-.....+0 -....... ......-+ ....V...| ok p=0.500977
Q5:	|......0+ +....... ......0- ....1...| ok p=1
Q6:	|0.....+- +.V....V ......1- ....-...| ok p=0.984375
Q7:	|V.....1- +.1..... ......+. ....-...| ok p=0.526367
Q8:	|0.....1. -.-V...+ ......+0 ....-...| ok p=0.533203
Q9:	|-......0 -.-....0 ......-. ....-...| ok p=0.999023
Q10:	|+....... -..-...- ......-. ........| ok p=0.959961
Q11:	|+....+.- .+.+...- .....-.. .-....+.|
Saving 160000 paths...cached.
Autobalance parameters: maxcond=199 (ab#:1)
Verified: 1138 bad out of 198039
Estimating maxcond for upper bound 640000 (=160000 * 4)...
t=11: 0%   10   20   30   40   50   60   70   80   90   100%
      |----|----|----|----|----|----|----|----|----|----|
e     ***************************************************
Found maxcond = 210
t=11: 0%   10   20   30   40   50   60   70   80   90   100%
      |----|----|----|----|----|----|----|----|----|----|
      ***************************************************
Q-3:	|-0100001 00000010 01100010 10111101|
Q-2:	|-0010101 00111100 10100110 01110110|
Q-1:	|-10101-+ +0100111 00011001 11011111|
Q0:	|-1000000 -0110100 11100101 10111010| ok p=1
Q1:	|-.....-+ +....... .......V ........| ok p=1
Q2:	|-.....0- +....... ......V0 ........| ok p=0.995117
Q3:	|-.....1+ +....... .......- ........| ok p=1
Q4:	|-.....1+ +....... ......-+ ...V....| ok p=1
Q5:	|-.....+. -....... ......0- ..V0....| ok p=1
Q6:	|-.....+1 -......V .V....1- ...+....| ok p=0.966797
Q7:	|-....... -....... .0....+. ..+-....| ok p=0.989258
Q8:	|-.....1. -..1...+ .-....+1 ..0+....| ok p=0.504883
Q9:	|....V... -..0...0 .+....+. ..+-....| ok p=0.978516
Q10:	|0....... -..+...+ .+....+. ..+0....| ok p=0.935547
Q11:	|....+... ...+...+ .+...... ...1....| ok p=0.485352
Q12:	|...+.+.. .+.-...+ .....+.. +......+|
Saving 160000 paths...done. (0.981303s)
Autobalance parameters: maxcond=209 (ab#:1)
Verified: 1836 bad out of 190969
Runtime: 7.25943
